0 info it worked if it ends with ok
1 verbose cli [ '/Users/larkinfamily/.nvm/versions/node/v6.5.0/bin/node',
1 verbose cli   '/Users/larkinfamily/.nvm/versions/node/v6.5.0/bin/npm',
1 verbose cli   'run',
1 verbose cli   'dev' ]
2 info using npm@3.10.6
3 info using node@v6.5.0
4 verbose run-script [ 'predev', 'dev', 'postdev' ]
5 info lifecycle starter@1.0.0~predev: starter@1.0.0
6 silly lifecycle starter@1.0.0~predev: no script for predev, continuing
7 info lifecycle starter@1.0.0~dev: starter@1.0.0
8 verbose lifecycle starter@1.0.0~dev: unsafe-perm in lifecycle true
9 verbose lifecycle starter@1.0.0~dev: PATH: /Users/larkinfamily/.nvm/versions/node/v6.5.0/lib/node_modules/npm/bin/node-gyp-bin:/Users/larkinfamily/Code/webpack-academy/starter-page/node_modules/.bin:/Users/larkinfamily/.nvm/versions/node/v6.5.0/bin:/usr/local/bin:/usr/bin:/bin:/usr/sbin:/sbin
10 verbose lifecycle starter@1.0.0~dev: CWD: /Users/larkinfamily/Code/webpack-academy/starter-page
11 silly lifecycle starter@1.0.0~dev: Args: [ '-c', 'webpack-dev-server --content-base=\'./dist\'' ]
12 silly lifecycle starter@1.0.0~dev: Returned: code: 1  signal: null
13 info lifecycle starter@1.0.0~dev: Failed to exec dev script
14 verbose stack Error: starter@1.0.0 dev: `webpack-dev-server --content-base='./dist'`
14 verbose stack Exit status 1
14 verbose stack     at EventEmitter.<anonymous> (/Users/larkinfamily/.nvm/versions/node/v6.5.0/lib/node_modules/npm/lib/utils/lifecycle.js:255:16)
14 verbose stack     at emitTwo (events.js:106:13)
14 verbose stack     at EventEmitter.emit (events.js:191:7)
14 verbose stack     at ChildProcess.<anonymous> (/Users/larkinfamily/.nvm/versions/node/v6.5.0/lib/node_modules/npm/lib/utils/spawn.js:40:14)
14 verbose stack     at emitTwo (events.js:106:13)
14 verbose stack     at ChildProcess.emit (events.js:191:7)
14 verbose stack     at maybeClose (internal/child_process.js:877:16)
14 verbose stack     at Process.ChildProcess._handle.onexit (internal/child_process.js:226:5)
15 verbose pkgid starter@1.0.0
16 verbose cwd /Users/larkinfamily/Code/webpack-academy/starter-page
17 error Darwin 15.6.0
18 error argv "/Users/larkinfamily/.nvm/versions/node/v6.5.0/bin/node" "/Users/larkinfamily/.nvm/versions/node/v6.5.0/bin/npm" "run" "dev"
19 error node v6.5.0
20 error npm  v3.10.6
21 error code ELIFECYCLE
22 error starter@1.0.0 dev: `webpack-dev-server --content-base='./dist'`
22 error Exit status 1
23 error Failed at the starter@1.0.0 dev script 'webpack-dev-server --content-base='./dist''.
23 error Make sure you have the latest version of node.js and npm installed.
23 error If you do, this is most likely a problem with the starter package,
23 error not with npm itself.
23 error Tell the author that this fails on your system:
23 error     webpack-dev-server --content-base='./dist'
23 error You can get information on how to open an issue for this project with:
23 error     npm bugs starter
23 error Or if that isn't available, you can get their info via:
23 error     npm owner ls starter
23 error There is likely additional logging output above.
24 verbose exit [ 1, true ]
